[INFO] 	 main:105 	 Thu Apr 23 15:25:08 2020
Output datas of hermann-HP-Compaq-Pro-6300-SFF (process 1) for Hermann
------------------------------
ssclcs: 232
total time: 4.277170
calcul time: 2.451237
comunication time: 4.277114
idleness time: -2.451181
calcul rate: 57.309788
comunication rate: 99.998691
idleness rate: -57.308479
number of message exchange: 0
size of data communicate: 0.000000 MB

[INFO] 	 main:105 	 Thu Apr 23 15:25:43 2020
Output datas of hermann-HP-Compaq-Pro-6300-SFF (process 3) for Hermann
------------------------------
ssclcs: 232
total time: 4.479139
calcul time: 2.102919
comunication time: 4.478927
idleness time: -2.102707
calcul rate: 46.949187
comunication rate: 99.995258
idleness rate: -46.944445
number of message exchange: 0
size of data communicate: 0.000000 MB

[INFO] 	 main:105 	 Thu Apr 23 15:26:40 2020
Output datas of hermann-HP-Compaq-Pro-6300-SFF (process 7) for Hermann
------------------------------
ssclcs: 232
total time: 4.383412
calcul time: 2.007871
comunication time: 4.382784
idleness time: -2.007243
calcul rate: 45.806123
comunication rate: 99.985661
idleness rate: -45.791784
number of message exchange: 0
size of data communicate: 0.000000 MB

[INFO] 	 main:105 	 Thu Apr 23 15:27:02 2020
Output datas of hermann-HP-Compaq-Pro-6300-SFF (process 15) for Hermann
------------------------------
ssclcs: 232
total time: 5.680623
calcul time: 1.359592
comunication time: 5.678873
idleness time: -1.357842
calcul rate: 23.933854
comunication rate: 99.969199
idleness rate: -23.903053
number of message exchange: 0
size of data communicate: 0.000000 MB

[INFO] 	 main:105 	 Tue Apr 28 15:09:10 2020
Output datas of hermann-HP-Compaq-Pro-6300-SFF (process 1) for Hermann
------------------------------
ssclcs: 0
total time: 212.480543
calcul time: 102.955899
comunication time: 212.480470
idleness time: -102.955827
calcul rate: 48.454272
comunication rate: 99.999966
idleness rate: -48.454237
number of message exchange: 0
size of data communicate: 0.000000 MB

[INFO] 	 main:105 	 Wed Apr 29 10:58:01 2020
Output datas of hermann-HP-Compaq-Pro-6300-SFF (process 3) for Hermann
------------------------------
ssclcs: 0
total time: 198.688657
calcul time: 87.446372
comunication time: 198.688423
idleness time: -87.446138
calcul rate: 44.011759
comunication rate: 99.999882
idleness rate: -44.011641
number of message exchange: 0
size of data communicate: 0.000000 MB

[INFO] 	 main:105 	 Wed Apr 29 11:02:01 2020
Output datas of hermann-HP-Compaq-Pro-6300-SFF (process 7) for Hermann
------------------------------
ssclcs: 0
total time: 219.626081
calcul time: 86.721681
comunication time: 219.625248
idleness time: -86.720848
calcul rate: 39.486058
comunication rate: 99.999621
idleness rate: -39.485679
number of message exchange: 0
size of data communicate: 0.000000 MB

[INFO] 	 main:105 	 Wed Apr 29 11:05:20 2020
Output datas of hermann-HP-Compaq-Pro-6300-SFF (process 15) for Hermann
------------------------------
ssclcs: 0
total time: 171.274135
calcul time: 91.781357
comunication time: 171.271266
idleness time: -91.778488
calcul rate: 53.587401
comunication rate: 99.998325
idleness rate: -53.585726
number of message exchange: 0
size of data communicate: 0.000000 MB

[INFO] 	 main:105 	 Wed Apr 29 11:08:50 2020
Output datas of hermann-HP-Compaq-Pro-6300-SFF (process 31) for Hermann
------------------------------
ssclcs: 0
total time: 178.712027
calcul time: 96.933057
comunication time: 178.643151
idleness time: -96.864181
calcul rate: 54.239806
comunication rate: 99.961460
idleness rate: -54.201266
number of message exchange: 0
size of data communicate: 0.000000 MB

[INFO] 	 main:105 	 Wed Apr 29 11:20:57 2020
Output datas of hermann-HP-Compaq-Pro-6300-SFF (process 63) for Hermann
------------------------------
ssclcs: 0
total time: 708.095157
calcul time: 13.051472
comunication time: 708.069901
idleness time: -13.026217
calcul rate: 1.843181
comunication rate: 99.996433
idleness rate: -1.839614
number of message exchange: 0
size of data communicate: 0.000000 MB

[INFO] 	 main:105 	 Wed Apr 29 11:33:38 2020
Output datas of hermann-HP-Compaq-Pro-6300-SFF (process 3) for Hermann
------------------------------
ssclcs: 1232
total time: 718.048979
calcul time: 240.544825
comunication time: 717.821228
idleness time: -240.317074
calcul rate: 33.499780
comunication rate: 99.968282
idleness rate: -33.468062
number of message exchange: 0
size of data communicate: 0.000000 MB

[INFO] 	 main:105 	 Thu May  7 11:57:31 2020
Output datas of hermann-HP-Compaq-Pro-6300-SFF (process 31) for Hermann
------------------------------
ssclcs: 0
total time: 177.537429
calcul time: 93.844564
comunication time: 177.396386
idleness time: -93.703521
calcul rate: 52.859031
comunication rate: 99.920556
idleness rate: -52.779587
number of message exchange: 0
size of data communicate: 0.000000 MB

[INFO] 	 main:105 	 Thu May  7 12:24:25 2020
Output datas of hermann-HP-Compaq-Pro-6300-SFF (process 31) for Hermann
------------------------------
ssclcs: 0
total time: 172.052018
calcul time: 96.854020
comunication time: 171.982610
idleness time: -96.784612
calcul rate: 56.293452
comunication rate: 99.959659
idleness rate: -56.253111
number of message exchange: 0
size of data communicate: 0.000000 MB

[INFO] 	 main:105 	 Thu May  7 12:30:03 2020
Output datas of hermann-HP-Compaq-Pro-6300-SFF (process 31) for Hermann
------------------------------
ssclcs: 0
total time: 174.090223
calcul time: 95.111609
comunication time: 173.900846
idleness time: -94.922232
calcul rate: 54.633516
comunication rate: 99.891219
idleness rate: -54.524735
number of message exchange: 0
size of data communicate: 0.000000 MB

[INFO] 	 main:105 	 Thu May  7 12:34:17 2020
Output datas of hermann-HP-Compaq-Pro-6300-SFF (process 31) for Hermann
------------------------------
ssclcs: 0
total time: 175.644929
calcul time: 93.374078
comunication time: 175.543516
idleness time: -93.272665
calcul rate: 53.160702
comunication rate: 99.942263
idleness rate: -53.102965
number of message exchange: 0
size of data communicate: 0.000000 MB

[INFO] 	 main:105 	 Thu May  7 12:40:18 2020
Output datas of hermann-HP-Compaq-Pro-6300-SFF (process 31) for Hermann
------------------------------
ssclcs: 0
total time: 177.086557
calcul time: 91.143973
comunication time: 177.053395
idleness time: -91.110811
calcul rate: 51.468601
comunication rate: 99.981273
idleness rate: -51.449874
number of message exchange: 0
size of data communicate: 0.000000 MB

[INFO] 	 main:105 	 Fri May  8 12:53:18 2020
Output datas of hermann-HP-Compaq-Pro-6300-SFF (process 1) for Hermann
------------------------------
ssclcs: 26
total time: 0.004484
calcul time: 0.003339
comunication time: 0.004449
idleness time: -0.003303
calcul rate: 74.457692
comunication rate: 99.216557
idleness rate: -73.674250
number of message exchange: 0
size of data communicate: 0.000000 MB

[INFO] 	 main:105 	 Fri May  8 12:53:33 2020
Output datas of hermann-HP-Compaq-Pro-6300-SFF (process 1) for Hermann
------------------------------
ssclcs: 26
total time: 0.004455
calcul time: 0.003400
comunication time: 0.004430
idleness time: -0.003375
calcul rate: 76.318419
comunication rate: 99.457051
idleness rate: -75.775470
number of message exchange: 0
size of data communicate: 0.000000 MB

[INFO] 	 main:105 	 Fri May  8 12:54:01 2020
Output datas of hermann-HP-Compaq-Pro-6300-SFF (process 3) for Hermann
------------------------------
ssclcs: 26
total time: 0.004340
calcul time: 0.002099
comunication time: 0.004298
idleness time: -0.002057
calcul rate: 48.367178
comunication rate: 99.028565
idleness rate: -47.395742
number of message exchange: 0
size of data communicate: 0.000000 MB

[INFO] 	 main:105 	 Fri May  8 12:54:08 2020
Output datas of hermann-HP-Compaq-Pro-6300-SFF (process 3) for Hermann
------------------------------
ssclcs: 26
total time: 0.016529
calcul time: 0.006721
comunication time: 0.016453
idleness time: -0.006644
calcul rate: 40.661026
comunication rate: 99.535779
idleness rate: -40.196805
number of message exchange: 0
size of data communicate: 0.000000 MB

[INFO] 	 main:105 	 Fri May  8 12:55:40 2020
Output datas of hermann-HP-Compaq-Pro-6300-SFF (process 4) for Hermann
------------------------------
ssclcs: 0
total time: 0.067812
calcul time: 0.001995
comunication time: 0.066677
idleness time: -0.000860
calcul rate: 2.942264
comunication rate: 98.326067
idleness rate: -1.268331
number of message exchange: 0
size of data communicate: 0.000000 MB

[INFO] 	 main:105 	 Fri May  8 12:56:12 2020
Output datas of hermann-HP-Compaq-Pro-6300-SFF (process 3) for Hermann
------------------------------
ssclcs: 26
total time: 0.003657
calcul time: 0.002056
comunication time: 0.003615
idleness time: -0.002013
calcul rate: 56.208392
comunication rate: 98.837072
idleness rate: -55.045464
number of message exchange: 0
size of data communicate: 0.000000 MB

[INFO] 	 main:105 	 Fri May  8 12:58:59 2020
Output datas of hermann-HP-Compaq-Pro-6300-SFF (process 2) for Hermann
------------------------------
ssclcs: 0
total time: 0.004818
calcul time: 0.003212
comunication time: 0.004780
idleness time: -0.003174
calcul rate: 66.665435
comunication rate: 99.217037
idleness rate: -65.882472
number of message exchange: 0
size of data communicate: 0.000000 MB

[INFO] 	 main:105 	 Fri May  8 13:01:01 2020
Output datas of hermann-HP-Compaq-Pro-6300-SFF (process 3) for Hermann
------------------------------
ssclcs: 26
total time: 0.012015
calcul time: 0.001865
comunication time: 0.011959
idleness time: -0.001809
calcul rate: 15.518879
comunication rate: 99.533619
idleness rate: -15.052497
number of message exchange: 0
size of data communicate: 0.000000 MB

[INFO] 	 main:105 	 Fri May  8 13:39:33 2020
Output datas of hermann-HP-Compaq-Pro-6300-SFF (process 4) for Hermann
------------------------------
ssclcs: 0
total time: 0.015990
calcul time: 0.002032
comunication time: 0.015905
idleness time: -0.001947
calcul rate: 12.705681
comunication rate: 99.468385
idleness rate: -12.174066
number of message exchange: 0
size of data communicate: 0.000000 MB

[INFO] 	 main:105 	 Fri May  8 13:39:41 2020
Output datas of hermann-HP-Compaq-Pro-6300-SFF (process 3) for Hermann
------------------------------
ssclcs: 26
total time: 0.003849
calcul time: 0.002650
comunication time: 0.003799
idleness time: -0.002600
calcul rate: 68.847090
comunication rate: 98.709300
idleness rate: -67.556390
number of message exchange: 0
size of data communicate: 0.000000 MB

[INFO] 	 main:105 	 Fri May  8 13:41:23 2020
Output datas of hermann-HP-Compaq-Pro-6300-SFF (process 3) for Hermann
------------------------------
ssclcs: 26
total time: 0.004341
calcul time: 0.001911
comunication time: 0.004288
idleness time: -0.001857
calcul rate: 44.012658
comunication rate: 98.770527
idleness rate: -42.783185
number of message exchange: 0
size of data communicate: 0.000000 MB

[INFO] 	 main:105 	 Fri May  8 13:41:38 2020
Output datas of hermann-HP-Compaq-Pro-6300-SFF (process 5) for Hermann
------------------------------
ssclcs: 0
total time: 0.143278
calcul time: 0.000919
comunication time: 0.123860
idleness time: 0.018499
calcul rate: 0.641448
comunication rate: 86.447600
idleness rate: 12.910951
number of message exchange: 0
size of data communicate: 0.000000 MB

[INFO] 	 main:105 	 Fri May  8 13:41:46 2020
Output datas of hermann-HP-Compaq-Pro-6300-SFF (process 1) for Hermann
------------------------------
ssclcs: 26
total time: 0.002882
calcul time: 0.001892
comunication time: 0.002865
idleness time: -0.001876
calcul rate: 65.664254
comunication rate: 99.427791
idleness rate: -65.092044
number of message exchange: 0
size of data communicate: 0.000000 MB

[INFO] 	 main:105 	 Fri May  8 13:41:53 2020
Output datas of hermann-HP-Compaq-Pro-6300-SFF (process 7) for Hermann
------------------------------
ssclcs: 26
total time: 0.102487
calcul time: 0.001483
comunication time: 0.102297
idleness time: -0.001292
calcul rate: 1.446582
comunication rate: 99.814096
idleness rate: -1.260678
number of message exchange: 0
size of data communicate: 0.000000 MB

[INFO] 	 main:105 	 Fri May  8 13:42:01 2020
Output datas of hermann-HP-Compaq-Pro-6300-SFF (process 9) for Hermann
------------------------------
ssclcs: 0
total time: 0.131135
calcul time: 0.001079
comunication time: 0.127733
idleness time: 0.002323
calcul rate: 0.822957
comunication rate: 97.405522
idleness rate: 1.771521
number of message exchange: 0
size of data communicate: 0.000000 MB

[INFO] 	 main:105 	 Fri May  8 13:52:57 2020
Output datas of hermann-HP-Compaq-Pro-6300-SFF (process 2) for Hermann
------------------------------
ssclcs: 0
total time: 0.002934
calcul time: 0.002142
comunication time: 0.002907
idleness time: -0.002114
calcul rate: 72.989081
comunication rate: 99.061540
idleness rate: -72.050621
number of message exchange: 0
size of data communicate: 0.000000 MB

[INFO] 	 main:105 	 Fri May  8 13:55:21 2020
Output datas of hermann-HP-Compaq-Pro-6300-SFF (process 2) for Hermann
------------------------------
ssclcs: 0
total time: 0.003140
calcul time: 0.001432
comunication time: 0.003109
idleness time: -0.001401
calcul rate: 45.608806
comunication rate: 99.008011
idleness rate: -44.616816
number of message exchange: 0
size of data communicate: 0.000000 MB

[INFO] 	 main:105 	 Fri May  8 13:55:33 2020
Output datas of hermann-HP-Compaq-Pro-6300-SFF (process 7) for Hermann
------------------------------
ssclcs: 26
total time: 0.092113
calcul time: 0.008990
comunication time: 0.091942
idleness time: -0.008819
calcul rate: 9.760255
comunication rate: 99.813714
idleness rate: -9.573969
number of message exchange: 0
size of data communicate: 0.000000 MB

[INFO] 	 main:105 	 Fri May  8 13:57:48 2020
Output datas of hermann-HP-Compaq-Pro-6300-SFF (process 3) for Hermann
------------------------------
ssclcs: 26
total time: 0.002618
calcul time: 0.001767
comunication time: 0.002580
idleness time: -0.001730
calcul rate: 67.511878
comunication rate: 98.557347
idleness rate: -66.069225
number of message exchange: 0
size of data communicate: 0.000000 MB

[INFO] 	 main:105 	 Fri May  8 13:57:59 2020
Output datas of hermann-HP-Compaq-Pro-6300-SFF (process 4) for Hermann
------------------------------
ssclcs: 0
total time: 0.048461
calcul time: 0.001487
comunication time: 0.046049
idleness time: 0.000924
calcul rate: 3.069225
comunication rate: 95.023768
idleness rate: 1.907007
number of message exchange: 0
size of data communicate: 0.000000 MB

[INFO] 	 main:105 	 Fri May  8 13:59:26 2020
Output datas of hermann-HP-Compaq-Pro-6300-SFF (process 2) for Hermann
------------------------------
ssclcs: 0
total time: 0.400053
calcul time: 0.398568
comunication time: 0.399767
idleness time: -0.398283
calcul rate: 99.628855
comunication rate: 99.928650
idleness rate: -99.557505
number of message exchange: 0
size of data communicate: 0.000000 MB

[INFO] 	 main:105 	 Fri May  8 14:00:27 2020
Output datas of hermann-HP-Compaq-Pro-6300-SFF (process 2) for Hermann
------------------------------
ssclcs: 0
total time: 0.110602
calcul time: 0.108799
comunication time: 0.110420
idleness time: -0.108617
calcul rate: 98.370107
comunication rate: 99.835015
idleness rate: -98.205121
number of message exchange: 0
size of data communicate: 0.000000 MB

[INFO] 	 main:105 	 Fri May  8 14:03:12 2020
Output datas of hermann-HP-Compaq-Pro-6300-SFF (process 2) for Hermann
------------------------------
ssclcs: 0
total time: 0.002957
calcul time: 0.001291
comunication time: 0.002918
idleness time: -0.001252
calcul rate: 43.656366
comunication rate: 98.693761
idleness rate: -42.350127
number of message exchange: 0
size of data communicate: 0.000000 MB

[INFO] 	 main:105 	 Fri May  8 14:03:27 2020
Output datas of hermann-HP-Compaq-Pro-6300-SFF (process 2) for Hermann
------------------------------
ssclcs: 0
total time: 0.093375
calcul time: 0.091887
comunication time: 0.093110
idleness time: -0.091622
calcul rate: 98.407094
comunication rate: 99.716089
idleness rate: -98.123183
number of message exchange: 0
size of data communicate: 0.000000 MB

[INFO] 	 main:105 	 Fri May  8 14:10:01 2020
Output datas of hermann-HP-Compaq-Pro-6300-SFF (process 2) for Hermann
------------------------------
ssclcs: 0
total time: 0.003383
calcul time: 0.002197
comunication time: 0.003276
idleness time: -0.002089
calcul rate: 64.931947
comunication rate: 96.827409
idleness rate: -61.759356
number of message exchange: 0
size of data communicate: 0.000000 MB

[INFO] 	 main:105 	 Fri May  8 14:11:44 2020
Output datas of hermann-HP-Compaq-Pro-6300-SFF (process 2) for Hermann
------------------------------
ssclcs: 0
total time: 0.003059
calcul time: 0.001575
comunication time: 0.002957
idleness time: -0.001473
calcul rate: 51.487422
comunication rate: 96.673156
idleness rate: -48.160579
number of message exchange: 0
size of data communicate: 0.000000 MB

[INFO] 	 main:105 	 Fri May  8 14:55:40 2020
Output datas of hermann-HP-Compaq-Pro-6300-SFF (process 2) for Hermann
------------------------------
ssclcs: 26
total time: 0.003291
calcul time: 0.002419
comunication time: 0.003260
idleness time: -0.002388
calcul rate: 73.502682
comunication rate: 99.051839
idleness rate: -72.554521
number of message exchange: 0
size of data communicate: 0.000000 MB

[INFO] 	 main:105 	 Fri May  8 14:55:50 2020
Output datas of hermann-HP-Compaq-Pro-6300-SFF (process 3) for Hermann
------------------------------
ssclcs: 26
total time: 0.002673
calcul time: 0.001537
comunication time: 0.002636
idleness time: -0.001500
calcul rate: 57.504275
comunication rate: 98.620157
idleness rate: -56.124432
number of message exchange: 0
size of data communicate: 0.000000 MB

[INFO] 	 main:105 	 Fri May  8 14:58:37 2020
Output datas of hermann-HP-Compaq-Pro-6300-SFF (process 4) for Hermann
------------------------------
ssclcs: 26
total time: 0.022055
calcul time: 0.001581
comunication time: 0.021995
idleness time: -0.001521
calcul rate: 7.168563
comunication rate: 99.726621
idleness rate: -6.895184
number of message exchange: 0
size of data communicate: 0.000000 MB

[INFO] 	 main:105 	 Fri May  8 14:58:48 2020
Output datas of hermann-HP-Compaq-Pro-6300-SFF (process 5) for Hermann
------------------------------
ssclcs: 26
total time: 0.081417
calcul time: 0.012080
comunication time: 0.075929
idleness time: -0.006591
calcul rate: 14.836604
comunication rate: 93.259184
idleness rate: -8.095788
number of message exchange: 0
size of data communicate: 0.000000 MB

[INFO] 	 main:105 	 Fri May  8 14:58:54 2020
Output datas of hermann-HP-Compaq-Pro-6300-SFF (process 6) for Hermann
------------------------------
ssclcs: 26
total time: 0.312008
calcul time: 0.000937
comunication time: 0.248016
idleness time: 0.063055
calcul rate: 0.300202
comunication rate: 79.490212
idleness rate: 20.209585
number of message exchange: 0
size of data communicate: 0.000000 MB

[INFO] 	 main:105 	 Fri May  8 14:59:02 2020
Output datas of hermann-HP-Compaq-Pro-6300-SFF (process 8) for Hermann
------------------------------
ssclcs: 26
total time: 0.248142
calcul time: 0.001337
comunication time: 0.247831
idleness time: -0.001026
calcul rate: 0.538749
comunication rate: 99.874874
idleness rate: -0.413622
number of message exchange: 0
size of data communicate: 0.000000 MB

[INFO] 	 main:105 	 Fri May  8 14:59:08 2020
Output datas of hermann-HP-Compaq-Pro-6300-SFF (process 9) for Hermann
------------------------------
ssclcs: 26
total time: 0.324251
calcul time: 0.008968
comunication time: 0.324059
idleness time: -0.008776
calcul rate: 2.765909
comunication rate: 99.940767
idleness rate: -2.706676
number of message exchange: 0
size of data communicate: 0.000000 MB

[INFO] 	 main:105 	 Mon May 11 14:46:55 2020
Output datas of hermann-HP-Compaq-Pro-6300-SFF (process 15) for Hermann
------------------------------
ssclcs: 0
total time: 205.356069
calcul time: 105.524131
comunication time: 205.340954
idleness time: -105.509016
calcul rate: 51.385932
comunication rate: 99.992639
idleness rate: -51.378572
number of message exchange: 0
size of data communicate: 0.000000 MB

[INFO] 	 main:105 	 Mon May 11 14:51:48 2020
Output datas of hermann-HP-Compaq-Pro-6300-SFF (process 15) for Hermann
------------------------------
ssclcs: 0
total time: 211.475450
calcul time: 110.439024
comunication time: 211.451945
idleness time: -110.415519
calcul rate: 52.223094
comunication rate: 99.988885
idleness rate: -52.211980
number of message exchange: 0
size of data communicate: 0.000000 MB

[INFO] 	 main:105 	 Tue May 12 10:57:43 2020
Output datas of hermann-HP-Compaq-Pro-6300-SFF (process 15) for Hermann
------------------------------
ssclcs: 0
total time: 177.104727
calcul time: 90.786981
comunication time: 177.102070
idleness time: -90.784324
calcul rate: 51.261749
comunication rate: 99.998499
idleness rate: -51.260249
number of message exchange: 0
size of data communicate: 0.000000 MB

[INFO] 	 main:105 	 Mon May 25 10:29:49 2020
Output datas of hermann-HP-Compaq-Pro-6300-SFF (process 31) for Hermann
------------------------------
ssclcs: 0
total time: 179.360331
calcul time: 84.843824
comunication time: 179.299151
idleness time: -84.782644
calcul rate: 47.303562
comunication rate: 99.965890
idleness rate: -47.269451
number of message exchange: 0
size of data communicate: 0.000000 MB

[INFO] 	 main:105 	 Mon May 25 10:52:26 2020
Output datas of hermann-HP-Compaq-Pro-6300-SFF (process 7) for Hermann
------------------------------
ssclcs: 0
total time: 225.709400
calcul time: 88.220558
comunication time: 225.708491
idleness time: -88.219649
calcul rate: 39.085903
comunication rate: 99.999597
idleness rate: -39.085501
number of message exchange: 0
size of data communicate: 0.000000 MB

[INFO] 	 main:105 	 Mon May 25 10:56:48 2020
Output datas of hermann-HP-Compaq-Pro-6300-SFF (process 15) for Hermann
------------------------------
ssclcs: 0
total time: 191.799658
calcul time: 99.113936
comunication time: 191.796449
idleness time: -99.110727
calcul rate: 51.675763
comunication rate: 99.998327
idleness rate: -51.674090
number of message exchange: 0
size of data communicate: 0.000000 MB

[INFO] 	 main:105 	 Wed May 27 10:09:37 2020
Output datas of hermann-HP-Compaq-Pro-6300-SFF (process 3) for Hermann
------------------------------
ssclcs: 0
total time: 840.147331
calcul time: 365.097726
comunication time: 474.952624
idleness time: 0.096981
calcul rate: 43.456393
comunication rate: 56.532064
idleness rate: 0.011543
number of message exchange: 0
size of data communicate: 0.000000 MB

[INFO] 	 main:105 	 Wed May 27 10:33:26 2020
Output datas of hermann-HP-Compaq-Pro-6300-SFF (process 3) for Hermann
------------------------------
ssclcs: 0
total time: 807.863702
calcul time: 354.331586
comunication time: 453.372839
idleness time: 0.159276
calcul rate: 43.860318
comunication rate: 56.119967
idleness rate: 0.019716
number of message exchange: 0
size of data communicate: 0.000000 MB

[INFO] 	 main:105 	 Wed May 27 11:05:19 2020
Output datas of hermann-HP-Compaq-Pro-6300-SFF (process 7) for Hermann
------------------------------
ssclcs: 0
total time: 880.125532
calcul time: 351.253978
comunication time: 528.828128
idleness time: 0.043427
calcul rate: 39.909532
comunication rate: 60.085534
idleness rate: 0.004934
number of message exchange: 0
size of data communicate: 0.000000 MB

[INFO] 	 main:105 	 Wed May 27 11:32:58 2020
Output datas of hermann-HP-Compaq-Pro-6300-SFF (process 15) for Hermann
------------------------------
ssclcs: 0
total time: 774.951796
calcul time: 384.363605
comunication time: 390.557868
idleness time: 0.030324
calcul rate: 49.598389
comunication rate: 50.397698
idleness rate: 0.003913
number of message exchange: 0
size of data communicate: 0.000000 MB

[INFO] 	 main:105 	 Wed May 27 11:58:48 2020
Output datas of hermann-HP-Compaq-Pro-6300-SFF (process 15) for Hermann
------------------------------
ssclcs: 0
total time: 758.921469
calcul time: 376.547215
comunication time: 382.069605
idleness time: 0.304649
calcul rate: 49.616097
comunication rate: 50.343760
idleness rate: 0.040142
number of message exchange: 0
size of data communicate: 0.000000 MB

[INFO] 	 main:105 	 Wed May 27 12:13:24 2020
Output datas of hermann-HP-Compaq-Pro-6300-SFF (process 31) for Hermann
------------------------------
ssclcs: 0
total time: 741.318247
calcul time: 368.157511
comunication time: 372.730573
idleness time: 0.430163
calcul rate: 49.662545
comunication rate: 50.279428
idleness rate: 0.058027
number of message exchange: 0
size of data communicate: 0.000000 MB

[INFO] 	 main:106 	 Thu Jul  9 08:33:56 2020
Output datas of hermann-HP-Compaq-Pro-6300-SFF (process 3) for Hermann
------------------------------
ssclcs: 232
total time: 1.023476
calcul time: 0.588248
comunication time: 0.435015
idleness time: 0.000213
calcul rate: 57.475495
comunication rate: 42.503722
idleness rate: 0.020782
number of message exchange: 0
size of data communicate: 0.000000 MB

