[INFO] 	 main:105 	 Thu Apr 23 15:27:33 2020
Output datas of hermann-HP-Compaq-Pro-6300-SFF (process 1) for Hermann
------------------------------
ssclcs: 232
total time: 4.783271
calcul time: 2.630790
comunication time: 6.935623
idleness time: -4.783142
calcul rate: 54.999813
comunication rate: 144.997490
idleness rate: -99.997303
number of message exchange: 0
size of data communicate: 0.000000 MB

[INFO] 	 main:105 	 Thu Apr 23 15:28:58 2020
Output datas of hermann-HP-Compaq-Pro-6300-SFF (process 3) for Hermann
------------------------------
ssclcs: 232
total time: 7.541640
calcul time: 2.017279
comunication time: 13.065804
idleness time: -7.541443
calcul rate: 26.748546
comunication rate: 173.248848
idleness rate: -99.997394
number of message exchange: 0
size of data communicate: 0.000000 MB

[INFO] 	 main:105 	 Thu Apr 23 15:29:28 2020
Output datas of hermann-HP-Compaq-Pro-6300-SFF (process 7) for Hermann
------------------------------
ssclcs: 232
total time: 14.817136
calcul time: 2.385530
comunication time: 27.248356
idleness time: -14.816750
calcul rate: 16.099804
comunication rate: 183.897591
idleness rate: -99.997395
number of message exchange: 0
size of data communicate: 0.000000 MB

[INFO] 	 main:105 	 Thu Apr 23 15:30:13 2020
Output datas of hermann-HP-Compaq-Pro-6300-SFF (process 15) for Hermann
------------------------------
ssclcs: 232
total time: 30.835648
calcul time: 2.380090
comunication time: 59.290416
idleness time: -30.834858
calcul rate: 7.718631
comunication rate: 192.278807
idleness rate: -99.997438
number of message exchange: 0
size of data communicate: 0.000000 MB

[INFO] 	 main:105 	 Wed Apr 29 11:57:29 2020
Output datas of hermann-HP-Compaq-Pro-6300-SFF (process 3) for Hermann
------------------------------
ssclcs: 0
total time: 336.781658
calcul time: 85.285932
comunication time: 587.482497
idleness time: -335.986771
calcul rate: 25.323805
comunication rate: 174.440170
idleness rate: -99.763975
number of message exchange: 0
size of data communicate: 0.000000 MB

[INFO] 	 main:105 	 Fri May  8 17:26:59 2020
Output datas of hermann-HP-Compaq-Pro-6300-SFF (process 1) for Hermann
------------------------------
ssclcs: 18
total time: 0.005030
calcul time: 0.002385
comunication time: 0.002611
idleness time: 0.000034
calcul rate: 47.409941
comunication rate: 51.906363
idleness rate: 0.683696
number of message exchange: 0
size of data communicate: 0.000000 MB

[INFO] 	 main:105 	 Mon May 11 16:59:17 2020
Output datas of hermann-HP-Compaq-Pro-6300-SFF (process 1) for Hermann
------------------------------
ssclcs: 5
total time: 0.000540
calcul time: 0.000231
comunication time: 0.000308
idleness time: 0.000001
calcul rate: 42.754461
comunication rate: 57.086964
idleness rate: 0.158575
number of message exchange: 0
size of data communicate: 0.000000 MB

[INFO] 	 main:111 	 Wed Jul  1 16:36:53 2020
Output datas of hermann-HP-Compaq-Pro-6300-SFF (process 3) for Hermann
------------------------------
ssclcs: 0
total time: 0.040918
calcul time: 0.006672
comunication time: 0.053685
idleness time: -0.019438
calcul rate: 16.304750
comunication rate: 131.201222
idleness rate: -47.505971
number of message exchange: 0
size of data communicate: 0.000000 MB

[INFO] 	 main:111 	 Wed Jul  1 16:37:02 2020
Output datas of hermann-HP-Compaq-Pro-6300-SFF (process 3) for Hermann
------------------------------
ssclcs: 1
total time: 0.026447
calcul time: 0.007466
comunication time: 0.050347
idleness time: -0.031366
calcul rate: 28.229904
comunication rate: 190.366863
idleness rate: -118.596767
number of message exchange: 0
size of data communicate: 0.000000 MB

[INFO] 	 main:111 	 Wed Jul  1 16:39:31 2020
Output datas of hermann-HP-Compaq-Pro-6300-SFF (process 3) for Hermann
------------------------------
ssclcs: 0
total time: 0.018137
calcul time: 0.006753
comunication time: 0.046192
idleness time: -0.034809
calcul rate: 37.235721
comunication rate: 254.685425
idleness rate: -191.921147
number of message exchange: 0
size of data communicate: 0.000000 MB

[INFO] 	 main:111 	 Wed Jul  1 16:39:33 2020
Output datas of hermann-HP-Compaq-Pro-6300-SFF (process 3) for Hermann
------------------------------
ssclcs: 0
total time: 0.020181
calcul time: 0.008025
comunication time: 0.050165
idleness time: -0.038008
calcul rate: 39.763049
comunication rate: 248.571501
idleness rate: -188.334550
number of message exchange: 0
size of data communicate: 0.000000 MB

[INFO] 	 main:111 	 Wed Jul  1 16:39:34 2020
Output datas of hermann-HP-Compaq-Pro-6300-SFF (process 3) for Hermann
------------------------------
ssclcs: 0
total time: 0.018468
calcul time: 0.005978
comunication time: 0.035509
idleness time: -0.023019
calcul rate: 32.366892
comunication rate: 192.270750
idleness rate: -124.637642
number of message exchange: 0
size of data communicate: 0.000000 MB

[INFO] 	 main:111 	 Wed Jul  1 16:39:43 2020
Output datas of hermann-HP-Compaq-Pro-6300-SFF (process 3) for Hermann
------------------------------
ssclcs: 1
total time: 0.020662
calcul time: 0.007437
comunication time: 0.038847
idleness time: -0.025622
calcul rate: 35.992524
comunication rate: 188.013798
idleness rate: -124.006322
number of message exchange: 0
size of data communicate: 0.000000 MB

[INFO] 	 main:111 	 Wed Jul  1 16:40:02 2020
Output datas of hermann-HP-Compaq-Pro-6300-SFF (process 3) for Hermann
------------------------------
ssclcs: 1
total time: 0.022370
calcul time: 0.008489
comunication time: 0.054749
idleness time: -0.040869
calcul rate: 37.949751
comunication rate: 244.742185
idleness rate: -182.691937
number of message exchange: 0
size of data communicate: 0.000000 MB

[INFO] 	 main:111 	 Wed Jul  1 16:40:03 2020
Output datas of hermann-HP-Compaq-Pro-6300-SFF (process 3) for Hermann
------------------------------
ssclcs: 1
total time: 0.021881
calcul time: 0.008819
comunication time: 0.038257
idleness time: -0.025195
calcul rate: 40.305725
comunication rate: 174.837787
idleness rate: -115.143513
number of message exchange: 0
size of data communicate: 0.000000 MB

[INFO] 	 main:111 	 Wed Jul  1 16:40:37 2020
Output datas of hermann-HP-Compaq-Pro-6300-SFF (process 3) for Hermann
------------------------------
ssclcs: 1
total time: 0.119024
calcul time: 0.015280
comunication time: 0.246960
idleness time: -0.143216
calcul rate: 12.837944
comunication rate: 207.487507
idleness rate: -120.325451
number of message exchange: 0
size of data communicate: 0.000000 MB

[INFO] 	 main:111 	 Wed Jul  1 16:40:51 2020
Output datas of hermann-HP-Compaq-Pro-6300-SFF (process 5) for Hermann
------------------------------
ssclcs: 1
total time: 4.690216
calcul time: 0.005222
comunication time: 0.098110
idleness time: 4.586884
calcul rate: 0.111339
comunication rate: 2.091801
idleness rate: 97.796860
number of message exchange: 0
size of data communicate: 0.000000 MB

[INFO] 	 main:111 	 Wed Jul  1 16:41:06 2020
Output datas of hermann-HP-Compaq-Pro-6300-SFF (process 7) for Hermann
------------------------------
ssclcs: 0
total time: 5.991220
calcul time: 0.009495
comunication time: 13.453877
idleness time: -7.472152
calcul rate: 0.158484
comunication rate: 224.559884
idleness rate: -124.718367
number of message exchange: 0
size of data communicate: 0.000000 MB

[INFO] 	 main:111 	 Wed Jul  1 16:41:24 2020
Output datas of hermann-HP-Compaq-Pro-6300-SFF (process 15) for Hermann
------------------------------
ssclcs: 0
total time: 8.257144
calcul time: 0.001866
comunication time: 78.244092
idleness time: -69.988815
calcul rate: 0.022601
comunication rate: 947.592695
idleness rate: -847.615296
number of message exchange: 0
size of data communicate: 0.000000 MB

[INFO] 	 main:111 	 Wed Jul  1 16:51:51 2020
Output datas of hermann-HP-Compaq-Pro-6300-SFF (process 3) for Hermann
------------------------------
ssclcs: 1
total time: 0.000705
calcul time: 0.000148
comunication time: 0.001678
idleness time: -0.001121
calcul rate: 21.012472
comunication rate: 238.055289
idleness rate: -159.067761
number of message exchange: 0
size of data communicate: 0.000000 MB

[INFO] 	 main:111 	 Wed Jul  1 16:52:01 2020
Output datas of hermann-HP-Compaq-Pro-6300-SFF (process 7) for Hermann
------------------------------
ssclcs: 0
total time: 0.163766
calcul time: 0.000117
comunication time: 0.114459
idleness time: 0.049190
calcul rate: 0.071677
comunication rate: 69.891792
idleness rate: 30.036531
number of message exchange: 0
size of data communicate: 0.000000 MB

[INFO] 	 main:111 	 Wed Jul  1 16:52:09 2020
Output datas of hermann-HP-Compaq-Pro-6300-SFF (process 7) for Hermann
------------------------------
ssclcs: 0
total time: 0.067514
calcul time: 0.000118
comunication time: 0.055695
idleness time: 0.011702
calcul rate: 0.174555
comunication rate: 82.493588
idleness rate: 17.331856
number of message exchange: 0
size of data communicate: 0.000000 MB

[INFO] 	 main:111 	 Wed Jul  1 16:52:16 2020
Output datas of hermann-HP-Compaq-Pro-6300-SFF (process 3) for Hermann
------------------------------
ssclcs: 0
total time: 0.000775
calcul time: 0.000123
comunication time: 0.002294
idleness time: -0.001642
calcul rate: 15.884504
comunication rate: 296.002296
idleness rate: -211.886801
number of message exchange: 0
size of data communicate: 0.000000 MB

[INFO] 	 main:111 	 Wed Jul  1 18:05:34 2020
Output datas of hermann-HP-Compaq-Pro-6300-SFF (process 3) for Hermann
------------------------------
ssclcs: 0
total time: 0.005718
calcul time: 0.000625
comunication time: 0.005021
idleness time: 0.000072
calcul rate: 10.937642
comunication rate: 87.804128
idleness rate: 1.258230
number of message exchange: 0
size of data communicate: 0.000000 MB

[INFO] 	 main:111 	 Wed Jul  1 18:05:36 2020
Output datas of hermann-HP-Compaq-Pro-6300-SFF (process 3) for Hermann
------------------------------
ssclcs: 0
total time: 0.006221
calcul time: 0.000531
comunication time: 0.005607
idleness time: 0.000083
calcul rate: 8.532725
comunication rate: 90.135910
idleness rate: 1.331366
number of message exchange: 0
size of data communicate: 0.000000 MB

[INFO] 	 main:111 	 Wed Jul  1 18:05:43 2020
Output datas of hermann-HP-Compaq-Pro-6300-SFF (process 3) for Hermann
------------------------------
ssclcs: 26
total time: 0.005642
calcul time: 0.000504
comunication time: 0.005069
idleness time: 0.000070
calcul rate: 8.933910
comunication rate: 89.831934
idleness rate: 1.234157
number of message exchange: 0
size of data communicate: 0.000000 MB

[INFO] 	 main:111 	 Wed Jul  1 18:05:46 2020
Output datas of hermann-HP-Compaq-Pro-6300-SFF (process 3) for Hermann
------------------------------
ssclcs: 26
total time: 0.005619
calcul time: 0.000490
comunication time: 0.005060
idleness time: 0.000069
calcul rate: 8.719167
comunication rate: 90.057997
idleness rate: 1.222835
number of message exchange: 0
size of data communicate: 0.000000 MB

[INFO] 	 main:111 	 Wed Jul  1 18:05:55 2020
Output datas of hermann-HP-Compaq-Pro-6300-SFF (process 7) for Hermann
------------------------------
ssclcs: 0
total time: 0.403582
calcul time: 0.000327
comunication time: 0.379273
idleness time: 0.023982
calcul rate: 0.081017
comunication rate: 93.976621
idleness rate: 5.942362
number of message exchange: 0
size of data communicate: 0.000000 MB

[INFO] 	 main:111 	 Wed Jul  1 18:05:58 2020
Output datas of hermann-HP-Compaq-Pro-6300-SFF (process 7) for Hermann
------------------------------
ssclcs: 0
total time: 0.387876
calcul time: 0.000315
comunication time: 0.376894
idleness time: 0.010667
calcul rate: 0.081306
comunication rate: 97.168710
idleness rate: 2.749984
number of message exchange: 0
size of data communicate: 0.000000 MB

[INFO] 	 main:111 	 Wed Jul  1 18:06:37 2020
Output datas of hermann-HP-Compaq-Pro-6300-SFF (process 7) for Hermann
------------------------------
ssclcs: 0
total time: 0.356779
calcul time: 0.000310
comunication time: 0.339521
idleness time: 0.016948
calcul rate: 0.086752
comunication rate: 95.163018
idleness rate: 4.750230
number of message exchange: 0
size of data communicate: 0.000000 MB

[INFO] 	 main:111 	 Wed Jul  1 18:06:56 2020
Output datas of hermann-HP-Compaq-Pro-6300-SFF (process 3) for Hermann
------------------------------
ssclcs: 26
total time: 0.005714
calcul time: 0.000538
comunication time: 0.005112
idleness time: 0.000064
calcul rate: 9.422936
comunication rate: 89.456499
idleness rate: 1.120565
number of message exchange: 0
size of data communicate: 0.000000 MB

[INFO] 	 main:111 	 Wed Jul  1 18:07:01 2020
Output datas of hermann-HP-Compaq-Pro-6300-SFF (process 3) for Hermann
------------------------------
ssclcs: 0
total time: 0.005380
calcul time: 0.000533
comunication time: 0.004773
idleness time: 0.000074
calcul rate: 9.911345
comunication rate: 88.711550
idleness rate: 1.377104
number of message exchange: 0
size of data communicate: 0.000000 MB

[INFO] 	 main:111 	 Wed Jul  1 18:11:19 2020
Output datas of hermann-HP-Compaq-Pro-6300-SFF (process 3) for Hermann
------------------------------
ssclcs: 0
total time: 0.008588
calcul time: 0.000529
comunication time: 0.007963
idleness time: 0.000097
calcul rate: 6.155585
comunication rate: 92.719909
idleness rate: 1.124506
number of message exchange: 0
size of data communicate: 0.000000 MB

[INFO] 	 main:111 	 Wed Jul  1 18:15:07 2020
Output datas of hermann-HP-Compaq-Pro-6300-SFF (process 3) for Hermann
------------------------------
ssclcs: 26
total time: 0.021886
calcul time: 0.000536
comunication time: 0.021236
idleness time: 0.000114
calcul rate: 2.448581
comunication rate: 97.029944
idleness rate: 0.521475
number of message exchange: 0
size of data communicate: 0.000000 MB

[INFO] 	 main:111 	 Wed Jul  1 18:15:52 2020
Output datas of hermann-HP-Compaq-Pro-6300-SFF (process 7) for Hermann
------------------------------
ssclcs: 0
total time: 0.456857
calcul time: 0.000306
comunication time: 0.433743
idleness time: 0.022809
calcul rate: 0.066877
comunication rate: 94.940565
idleness rate: 4.992558
number of message exchange: 0
size of data communicate: 0.000000 MB

[INFO] 	 main:111 	 Wed Jul  1 18:16:06 2020
Output datas of hermann-HP-Compaq-Pro-6300-SFF (process 15) for Hermann
------------------------------
ssclcs: 0
total time: 2.847935
calcul time: 0.000136
comunication time: 2.767411
idleness time: 0.080387
calcul rate: 0.004790
comunication rate: 97.172558
idleness rate: 2.822653
number of message exchange: 0
size of data communicate: 0.000000 MB

[INFO] 	 main:111 	 Wed Jul  1 18:17:08 2020
Output datas of hermann-HP-Compaq-Pro-6300-SFF (process 3) for Hermann
------------------------------
ssclcs: 10
total time: 0.002473
calcul time: 0.000171
comunication time: 0.002246
idleness time: 0.000056
calcul rate: 6.931059
comunication rate: 90.823231
idleness rate: 2.245710
number of message exchange: 0
size of data communicate: 0.000000 MB

[INFO] 	 main:111 	 Wed Jul  1 18:17:19 2020
Output datas of hermann-HP-Compaq-Pro-6300-SFF (process 7) for Hermann
------------------------------
ssclcs: 0
total time: 0.503881
calcul time: 0.000094
comunication time: 0.503639
idleness time: 0.000148
calcul rate: 0.018563
comunication rate: 99.952005
idleness rate: 0.029433
number of message exchange: 0
size of data communicate: 0.000000 MB

[INFO] 	 main:111 	 Wed Jul  1 18:21:06 2020
Output datas of hermann-HP-Compaq-Pro-6300-SFF (process 7) for Hermann
------------------------------
ssclcs: 0
total time: 0.299995
calcul time: 0.000095
comunication time: 0.279815
idleness time: 0.020085
calcul rate: 0.031765
comunication rate: 93.273245
idleness rate: 6.694991
number of message exchange: 0
size of data communicate: 0.000000 MB

[INFO] 	 main:111 	 Wed Jul  1 18:21:15 2020
Output datas of hermann-HP-Compaq-Pro-6300-SFF (process 3) for Hermann
------------------------------
ssclcs: 0
total time: 0.002359
calcul time: 0.000154
comunication time: 0.002154
idleness time: 0.000050
calcul rate: 6.544661
comunication rate: 91.334516
idleness rate: 2.120823
number of message exchange: 0
size of data communicate: 0.000000 MB

[INFO] 	 main:111 	 Wed Jul  1 18:21:18 2020
Output datas of hermann-HP-Compaq-Pro-6300-SFF (process 3) for Hermann
------------------------------
ssclcs: 10
total time: 0.002540
calcul time: 0.000163
comunication time: 0.002317
idleness time: 0.000060
calcul rate: 6.419758
comunication rate: 91.218696
idleness rate: 2.361546
number of message exchange: 0
size of data communicate: 0.000000 MB

[INFO] 	 main:111 	 Wed Jul  1 18:21:25 2020
Output datas of hermann-HP-Compaq-Pro-6300-SFF (process 5) for Hermann
------------------------------
ssclcs: 10
total time: 0.208296
calcul time: 0.000154
comunication time: 0.196830
idleness time: 0.011312
calcul rate: 0.074071
comunication rate: 94.495205
idleness rate: 5.430725
number of message exchange: 0
size of data communicate: 0.000000 MB

[INFO] 	 main:111 	 Wed Jul  1 18:21:33 2020
Output datas of hermann-HP-Compaq-Pro-6300-SFF (process 7) for Hermann
------------------------------
ssclcs: 0
total time: 0.488337
calcul time: 0.000089
comunication time: 0.464123
idleness time: 0.024125
calcul rate: 0.018303
comunication rate: 95.041534
idleness rate: 4.940162
number of message exchange: 0
size of data communicate: 0.000000 MB

[INFO] 	 main:111 	 Wed Jul  1 18:23:23 2020
Output datas of hermann-HP-Compaq-Pro-6300-SFF (process 7) for Hermann
------------------------------
ssclcs: 0
total time: 0.357308
calcul time: 0.002714
comunication time: 0.349481
idleness time: 0.005113
calcul rate: 0.759615
comunication rate: 97.809380
idleness rate: 1.431005
number of message exchange: 0
size of data communicate: 0.000000 MB

[INFO] 	 main:111 	 Wed Jul  1 18:23:29 2020
Output datas of hermann-HP-Compaq-Pro-6300-SFF (process 3) for Hermann
------------------------------
ssclcs: 46
total time: 0.041370
calcul time: 0.006344
comunication time: 0.034883
idleness time: 0.000143
calcul rate: 15.334225
comunication rate: 84.319332
idleness rate: 0.346442
number of message exchange: 0
size of data communicate: 0.000000 MB

[INFO] 	 main:111 	 Wed Jul  1 18:23:35 2020
Output datas of hermann-HP-Compaq-Pro-6300-SFF (process 5) for Hermann
------------------------------
ssclcs: 43
total time: 0.251973
calcul time: 0.004090
comunication time: 0.243848
idleness time: 0.004036
calcul rate: 1.623114
comunication rate: 96.775284
idleness rate: 1.601602
number of message exchange: 0
size of data communicate: 0.000000 MB

[INFO] 	 main:111 	 Wed Jul  1 18:30:12 2020
Output datas of hermann-HP-Compaq-Pro-6300-SFF (process 3) for Hermann
------------------------------
ssclcs: 46
total time: 0.040092
calcul time: 0.007551
comunication time: 0.032411
idleness time: 0.000131
calcul rate: 18.832931
comunication rate: 80.841077
idleness rate: 0.325992
number of message exchange: 0
size of data communicate: 0.000000 MB

[INFO] 	 main:111 	 Wed Jul  1 18:30:18 2020
Output datas of hermann-HP-Compaq-Pro-6300-SFF (process 5) for Hermann
------------------------------
ssclcs: 43
total time: 0.244873
calcul time: 0.004145
comunication time: 0.240573
idleness time: 0.000155
calcul rate: 1.692593
comunication rate: 98.244019
idleness rate: 0.063389
number of message exchange: 0
size of data communicate: 0.000000 MB

[INFO] 	 main:111 	 Wed Jul  1 18:30:25 2020
Output datas of hermann-HP-Compaq-Pro-6300-SFF (process 7) for Hermann
------------------------------
ssclcs: 0
total time: 0.485782
calcul time: 0.002858
comunication time: 0.452949
idleness time: 0.029975
calcul rate: 0.588297
comunication rate: 93.241145
idleness rate: 6.170558
number of message exchange: 0
size of data communicate: 0.000000 MB

[INFO] 	 main:111 	 Fri Jul  3 10:27:54 2020
Output datas of hermann-HP-Compaq-Pro-6300-SFF (process 3) for Hermann
------------------------------
ssclcs: 232
total time: 1.585078
calcul time: 0.330991
comunication time: 1.253741
idleness time: 0.000345
calcul rate: 20.881704
comunication rate: 79.096503
idleness rate: 0.021793
number of message exchange: 0
size of data communicate: 0.000000 MB

[INFO] 	 main:111 	 Fri Jul  3 10:28:10 2020
Output datas of hermann-HP-Compaq-Pro-6300-SFF (process 7) for Hermann
------------------------------
ssclcs: 0
total time: 4.298497
calcul time: 0.387248
comunication time: 3.896239
idleness time: 0.015010
calcul rate: 9.008915
comunication rate: 90.641887
idleness rate: 0.349198
number of message exchange: 0
size of data communicate: 0.000000 MB

[INFO] 	 main:111 	 Fri Jul  3 10:43:57 2020
Output datas of hermann-HP-Compaq-Pro-6300-SFF (process 5) for Hermann
------------------------------
ssclcs: 212
total time: 2.663150
calcul time: 0.368961
comunication time: 2.290387
idleness time: 0.003801
calcul rate: 13.854315
comunication rate: 86.002955
idleness rate: 0.142730
number of message exchange: 0
size of data communicate: 0.000000 MB

[INFO] 	 main:111 	 Fri Jul  3 10:45:50 2020
Output datas of hermann-HP-Compaq-Pro-6300-SFF (process 3) for Hermann
------------------------------
ssclcs: 232
total time: 1.527089
calcul time: 0.314960
comunication time: 1.211831
idleness time: 0.000297
calcul rate: 20.624877
comunication rate: 79.355659
idleness rate: 0.019464
number of message exchange: 0
size of data communicate: 0.000000 MB

[INFO] 	 main:111 	 Fri Jul  3 10:45:58 2020
Output datas of hermann-HP-Compaq-Pro-6300-SFF (process 5) for Hermann
------------------------------
ssclcs: 0
total time: 2.703909
calcul time: 0.334164
comunication time: 2.361080
idleness time: 0.008665
calcul rate: 12.358559
comunication rate: 87.320995
idleness rate: 0.320446
number of message exchange: 0
size of data communicate: 0.000000 MB

[INFO] 	 main:111 	 Fri Jul  3 10:46:08 2020
Output datas of hermann-HP-Compaq-Pro-6300-SFF (process 7) for Hermann
------------------------------
ssclcs: 0
total time: 4.413513
calcul time: 0.474423
comunication time: 3.911571
idleness time: 0.027519
calcul rate: 10.749337
comunication rate: 88.627148
idleness rate: 0.623515
number of message exchange: 0
size of data communicate: 0.000000 MB

[INFO] 	 main:111 	 Fri Jul  3 10:49:04 2020
Output datas of hermann-HP-Compaq-Pro-6300-SFF (process 2) for Hermann
------------------------------
ssclcs: 228
total time: 1.721399
calcul time: 0.549803
comunication time: 1.171261
idleness time: 0.000335
calcul rate: 31.939305
comunication rate: 68.041239
idleness rate: 0.019456
number of message exchange: 0
size of data communicate: 0.000000 MB

[INFO] 	 main:111 	 Fri Jul  3 10:57:36 2020
Output datas of hermann-HP-Compaq-Pro-6300-SFF (process 2) for Hermann
------------------------------
ssclcs: 228
total time: 1.689155
calcul time: 0.483422
comunication time: 1.205395
idleness time: 0.000338
calcul rate: 28.619144
comunication rate: 71.360840
idleness rate: 0.020017
number of message exchange: 0
size of data communicate: 0.000000 MB

[INFO] 	 main:111 	 Fri Jul  3 10:57:45 2020
Output datas of hermann-HP-Compaq-Pro-6300-SFF (process 7) for Hermann
------------------------------
ssclcs: 0
total time: 4.143971
calcul time: 0.337477
comunication time: 3.801272
idleness time: 0.005222
calcul rate: 8.143805
comunication rate: 91.730169
idleness rate: 0.126026
number of message exchange: 0
size of data communicate: 0.000000 MB

[INFO] 	 main:111 	 Fri Jul  3 10:58:42 2020
Output datas of hermann-HP-Compaq-Pro-6300-SFF (process 3) for Hermann
------------------------------
ssclcs: 0
total time: 0.009482
calcul time: 0.000711
comunication time: 0.008669
idleness time: 0.000103
calcul rate: 7.493642
comunication rate: 91.424906
idleness rate: 1.081452
number of message exchange: 0
size of data communicate: 0.000000 MB

[INFO] 	 main:111 	 Fri Jul  3 10:58:47 2020
Output datas of hermann-HP-Compaq-Pro-6300-SFF (process 3) for Hermann
------------------------------
ssclcs: 26
total time: 0.012592
calcul time: 0.000646
comunication time: 0.011863
idleness time: 0.000083
calcul rate: 5.133221
comunication rate: 94.211252
idleness rate: 0.655528
number of message exchange: 0
size of data communicate: 0.000000 MB

[INFO] 	 main:111 	 Fri Jul  3 10:59:08 2020
Output datas of hermann-HP-Compaq-Pro-6300-SFF (process 3) for Hermann
------------------------------
ssclcs: 26
total time: 0.016264
calcul time: 0.000649
comunication time: 0.015155
idleness time: 0.000460
calcul rate: 3.988468
comunication rate: 93.183439
idleness rate: 2.828093
number of message exchange: 0
size of data communicate: 0.000000 MB

[INFO] 	 main:111 	 Fri Jul  3 10:59:29 2020
Output datas of hermann-HP-Compaq-Pro-6300-SFF (process 3) for Hermann
------------------------------
ssclcs: 0
total time: 0.017226
calcul time: 0.002771
comunication time: 0.014339
idleness time: 0.000116
calcul rate: 16.088312
comunication rate: 83.237606
idleness rate: 0.674081
number of message exchange: 0
size of data communicate: 0.000000 MB

[INFO] 	 main:111 	 Fri Jul  3 11:06:16 2020
Output datas of hermann-HP-Compaq-Pro-6300-SFF (process 3) for Hermann
------------------------------
ssclcs: 0
total time: 0.005465
calcul time: 0.000668
comunication time: 0.004738
idleness time: 0.000058
calcul rate: 12.229488
comunication rate: 86.704548
idleness rate: 1.065964
number of message exchange: 0
size of data communicate: 0.000000 MB

[INFO] 	 main:111 	 Fri Jul  3 11:06:38 2020
Output datas of hermann-HP-Compaq-Pro-6300-SFF (process 3) for Hermann
------------------------------
ssclcs: 0
total time: 0.006916
calcul time: 0.000690
comunication time: 0.006125
idleness time: 0.000101
calcul rate: 9.981670
comunication rate: 88.564053
idleness rate: 1.454276
number of message exchange: 0
size of data communicate: 0.000000 MB

[INFO] 	 main:111 	 Fri Jul  3 12:45:28 2020
Output datas of hermann-HP-Compaq-Pro-6300-SFF (process 7) for Hermann
------------------------------
ssclcs: 0
total time: 0.239949
calcul time: 0.000421
comunication time: 0.239354
idleness time: 0.000175
calcul rate: 0.175434
comunication rate: 99.751796
idleness rate: 0.072770
number of message exchange: 0
size of data communicate: 0.000000 MB

[INFO] 	 main:111 	 Fri Jul  3 13:52:53 2020
Output datas of hermann-HP-Compaq-Pro-6300-SFF (process 5) for Hermann
------------------------------
ssclcs: 21
total time: 0.178647
calcul time: 0.000582
comunication time: 0.167641
idleness time: 0.010425
calcul rate: 0.325622
comunication rate: 93.838984
idleness rate: 5.835394
number of message exchange: 0
size of data communicate: 0.000000 MB

[INFO] 	 main:111 	 Fri Jul  3 13:55:06 2020
Output datas of hermann-HP-Compaq-Pro-6300-SFF (process 5) for Hermann
------------------------------
ssclcs: 26
total time: 0.205082
calcul time: 0.000709
comunication time: 0.190824
idleness time: 0.013549
calcul rate: 0.345636
comunication rate: 93.047616
idleness rate: 6.606747
number of message exchange: 0
size of data communicate: 0.000000 MB

[INFO] 	 main:111 	 Fri Jul  3 13:55:18 2020
Output datas of hermann-HP-Compaq-Pro-6300-SFF (process 3) for Hermann
------------------------------
ssclcs: 0
total time: 0.019337
calcul time: 0.000933
comunication time: 0.018294
idleness time: 0.000110
calcul rate: 4.825463
comunication rate: 94.603389
idleness rate: 0.571149
number of message exchange: 0
size of data communicate: 0.000000 MB

[INFO] 	 main:111 	 Fri Jul  3 14:10:31 2020
Output datas of hermann-HP-Compaq-Pro-6300-SFF (process 3) for Hermann
------------------------------
ssclcs: 0
total time: 0.007290
calcul time: 0.000716
comunication time: 0.006468
idleness time: 0.000106
calcul rate: 9.820655
comunication rate: 88.730044
idleness rate: 1.449301
number of message exchange: 0
size of data communicate: 0.000000 MB

[INFO] 	 main:111 	 Fri Jul  3 14:12:15 2020
Output datas of hermann-HP-Compaq-Pro-6300-SFF (process 3) for Hermann
------------------------------
ssclcs: 0
total time: 0.009892
calcul time: 0.001671
comunication time: 0.007066
idleness time: 0.001156
calcul rate: 16.887374
comunication rate: 71.431473
idleness rate: 11.681153
number of message exchange: 0
size of data communicate: 0.000000 MB

[INFO] 	 main:111 	 Fri Jul  3 15:32:21 2020
Output datas of hermann-HP-Compaq-Pro-6300-SFF (process 3) for Hermann
------------------------------
ssclcs: 0
total time: 0.019742
calcul time: 0.000812
comunication time: 0.018829
idleness time: 0.000101
calcul rate: 4.114615
comunication rate: 95.372998
idleness rate: 0.512387
number of message exchange: 0
size of data communicate: 0.000000 MB

[INFO] 	 main:111 	 Fri Jul  3 15:32:31 2020
Output datas of hermann-HP-Compaq-Pro-6300-SFF (process 5) for Hermann
------------------------------
ssclcs: 26
total time: 0.254418
calcul time: 0.000532
comunication time: 0.253662
idleness time: 0.000223
calcul rate: 0.209157
comunication rate: 99.703136
idleness rate: 0.087706
number of message exchange: 0
size of data communicate: 0.000000 MB

[INFO] 	 main:111 	 Fri Jul  3 15:32:38 2020
Output datas of hermann-HP-Compaq-Pro-6300-SFF (process 7) for Hermann
------------------------------
ssclcs: 0
total time: 0.572927
calcul time: 0.000407
comunication time: 0.549081
idleness time: 0.023439
calcul rate: 0.070963
comunication rate: 95.837917
idleness rate: 4.091120
number of message exchange: 0
size of data communicate: 0.000000 MB

[INFO] 	 main:111 	 Fri Jul  3 15:32:46 2020
Output datas of hermann-HP-Compaq-Pro-6300-SFF (process 9) for Hermann
------------------------------
ssclcs: 0
total time: 0.580623
calcul time: 0.000532
comunication time: 0.542915
idleness time: 0.037177
calcul rate: 0.091576
comunication rate: 93.505527
idleness rate: 6.402897
number of message exchange: 0
size of data communicate: 0.000000 MB

[INFO] 	 main:111 	 Fri Jul  3 15:33:02 2020
Output datas of hermann-HP-Compaq-Pro-6300-SFF (process 2) for Hermann
------------------------------
ssclcs: 25
total time: 0.005299
calcul time: 0.000837
comunication time: 0.004423
idleness time: 0.000039
calcul rate: 15.794572
comunication rate: 83.469568
idleness rate: 0.735860
number of message exchange: 0
size of data communicate: 0.000000 MB

[INFO] 	 main:111 	 Fri Jul  3 15:35:30 2020
Output datas of hermann-HP-Compaq-Pro-6300-SFF (process 5) for Hermann
------------------------------
ssclcs: 26
total time: 0.227142
calcul time: 0.000502
comunication time: 0.165987
idleness time: 0.060652
calcul rate: 0.221200
comunication rate: 73.076354
idleness rate: 26.702446
number of message exchange: 0
size of data communicate: 0.000000 MB

[INFO] 	 main:111 	 Mon Jul  6 09:32:13 2020
Output datas of hermann-HP-Compaq-Pro-6300-SFF (process 1) for Hermann
------------------------------
ssclcs: 26
total time: 0.006292
calcul time: 0.001084
comunication time: 0.005148
idleness time: 0.000060
calcul rate: 17.228400
comunication rate: 81.819892
idleness rate: 0.951708
number of message exchange: 0
size of data communicate: 0.000000 MB

[INFO] 	 main:111 	 Mon Jul  6 09:32:18 2020
Output datas of hermann-HP-Compaq-Pro-6300-SFF (process 3) for Hermann
------------------------------
ssclcs: 26
total time: 0.006366
calcul time: 0.000660
comunication time: 0.005644
idleness time: 0.000062
calcul rate: 10.364648
comunication rate: 88.665955
idleness rate: 0.969396
number of message exchange: 0
size of data communicate: 0.000000 MB

[INFO] 	 main:111 	 Mon Jul  6 09:32:38 2020
Output datas of hermann-HP-Compaq-Pro-6300-SFF (process 3) for Hermann
------------------------------
ssclcs: 135
total time: 0.126233
calcul time: 0.022684
comunication time: 0.103394
idleness time: 0.000156
calcul rate: 17.969622
comunication rate: 81.907110
idleness rate: 0.123268
number of message exchange: 0
size of data communicate: 0.000000 MB

[INFO] 	 main:111 	 Mon Jul  6 09:32:44 2020
Output datas of hermann-HP-Compaq-Pro-6300-SFF (process 1) for Hermann
------------------------------
ssclcs: 135
total time: 0.127782
calcul time: 0.034418
comunication time: 0.093192
idleness time: 0.000172
calcul rate: 26.935190
comunication rate: 72.930221
idleness rate: 0.134590
number of message exchange: 0
size of data communicate: 0.000000 MB

[INFO] 	 main:112 	 Thu Jul  9 08:42:58 2020
Output datas of hermann-HP-Compaq-Pro-6300-SFF (process 1) for Hermann
------------------------------
ssclcs: 232
total time: 1.556176
calcul time: 0.435673
comunication time: 1.120232
idleness time: 0.000271
calcul rate: 27.996363
comunication rate: 71.986198
idleness rate: 0.017439
number of message exchange: 0
size of data communicate: 0.000000 MB

[INFO] 	 main:112 	 Thu Jul  9 08:43:04 2020
Output datas of hermann-HP-Compaq-Pro-6300-SFF (process 3) for Hermann
------------------------------
ssclcs: 232
total time: 1.598401
calcul time: 0.325466
comunication time: 1.272636
idleness time: 0.000299
calcul rate: 20.361986
comunication rate: 79.619308
idleness rate: 0.018706
number of message exchange: 0
size of data communicate: 0.000000 MB

