[INFO] 	 main:105 	 Thu Apr 23 15:27:33 2020
Output datas of hermann-HP-Compaq-Pro-6300-SFF (process 1) for Hermann
------------------------------
ssclcs: 232
total time: 4.783271
calcul time: 2.630790
comunication time: 6.935623
idleness time: -4.783142
calcul rate: 54.999813
comunication rate: 144.997490
idleness rate: -99.997303
number of message exchange: 0
size of data communicate: 0.000000 MB

[INFO] 	 main:105 	 Thu Apr 23 15:28:58 2020
Output datas of hermann-HP-Compaq-Pro-6300-SFF (process 3) for Hermann
------------------------------
ssclcs: 232
total time: 7.541640
calcul time: 2.017279
comunication time: 13.065804
idleness time: -7.541443
calcul rate: 26.748546
comunication rate: 173.248848
idleness rate: -99.997394
number of message exchange: 0
size of data communicate: 0.000000 MB

[INFO] 	 main:105 	 Thu Apr 23 15:29:28 2020
Output datas of hermann-HP-Compaq-Pro-6300-SFF (process 7) for Hermann
------------------------------
ssclcs: 232
total time: 14.817136
calcul time: 2.385530
comunication time: 27.248356
idleness time: -14.816750
calcul rate: 16.099804
comunication rate: 183.897591
idleness rate: -99.997395
number of message exchange: 0
size of data communicate: 0.000000 MB

[INFO] 	 main:105 	 Thu Apr 23 15:30:13 2020
Output datas of hermann-HP-Compaq-Pro-6300-SFF (process 15) for Hermann
------------------------------
ssclcs: 232
total time: 30.835648
calcul time: 2.380090
comunication time: 59.290416
idleness time: -30.834858
calcul rate: 7.718631
comunication rate: 192.278807
idleness rate: -99.997438
number of message exchange: 0
size of data communicate: 0.000000 MB

[INFO] 	 main:105 	 Wed Apr 29 11:57:29 2020
Output datas of hermann-HP-Compaq-Pro-6300-SFF (process 3) for Hermann
------------------------------
ssclcs: 0
total time: 336.781658
calcul time: 85.285932
comunication time: 587.482497
idleness time: -335.986771
calcul rate: 25.323805
comunication rate: 174.440170
idleness rate: -99.763975
number of message exchange: 0
size of data communicate: 0.000000 MB

[INFO] 	 main:105 	 Fri May  8 16:07:53 2020
Output datas of hermann-HP-Compaq-Pro-6300-SFF (process 9) for Hermann
------------------------------
ssclcs: 26
total time: 0.060852
calcul time: 0.000641
comunication time: 0.120890
idleness time: -0.060679
calcul rate: 1.052991
comunication rate: 198.663114
idleness rate: -99.716105
number of message exchange: 0
size of data communicate: 0.000000 MB

[INFO] 	 main:105 	 Fri May  8 16:07:56 2020
Output datas of hermann-HP-Compaq-Pro-6300-SFF (process 9) for Hermann
------------------------------
ssclcs: 26
total time: 0.084000
calcul time: 0.000672
comunication time: 0.096948
idleness time: -0.013620
calcul rate: 0.800240
comunication rate: 115.413516
idleness rate: -16.213755
number of message exchange: 0
size of data communicate: 0.000000 MB

[INFO] 	 main:105 	 Fri May  8 16:08:04 2020
Output datas of hermann-HP-Compaq-Pro-6300-SFF (process 7) for Hermann
------------------------------
ssclcs: 26
total time: 0.045687
calcul time: 0.000523
comunication time: 0.090715
idleness time: -0.045550
calcul rate: 1.143821
comunication rate: 198.555568
idleness rate: -99.699390
number of message exchange: 0
size of data communicate: 0.000000 MB

[INFO] 	 main:105 	 Fri May  8 16:08:10 2020
Output datas of hermann-HP-Compaq-Pro-6300-SFF (process 7) for Hermann
------------------------------
ssclcs: 26
total time: 0.067841
calcul time: 0.001385
comunication time: 0.134158
idleness time: -0.067702
calcul rate: 2.041854
comunication rate: 197.753251
idleness rate: -99.795105
number of message exchange: 0
size of data communicate: 0.000000 MB

[INFO] 	 main:105 	 Fri May  8 16:08:17 2020
Output datas of hermann-HP-Compaq-Pro-6300-SFF (process 15) for Hermann
------------------------------
ssclcs: 26
total time: 0.192960
calcul time: 0.000597
comunication time: 0.384970
idleness time: -0.192607
calcul rate: 0.309550
comunication rate: 199.507483
idleness rate: -99.817033
number of message exchange: 0
size of data communicate: 0.000000 MB

[INFO] 	 main:105 	 Fri May  8 16:08:23 2020
Output datas of hermann-HP-Compaq-Pro-6300-SFF (process 14) for Hermann
------------------------------
ssclcs: 26
total time: 0.246971
calcul time: 0.001362
comunication time: 0.329702
idleness time: -0.084093
calcul rate: 0.551655
comunication rate: 133.498139
idleness rate: -34.049794
number of message exchange: 0
size of data communicate: 0.000000 MB

[INFO] 	 main:105 	 Mon May 11 16:59:41 2020
Output datas of hermann-HP-Compaq-Pro-6300-SFF (process 1) for Hermann
------------------------------
ssclcs: 10
total time: 0.000714
calcul time: 0.000233
comunication time: 0.001169
idleness time: -0.000689
calcul rate: 32.723932
comunication rate: 163.838429
idleness rate: -96.562361
number of message exchange: 0
size of data communicate: 0.000000 MB

[INFO] 	 main:105 	 Mon May 11 16:59:52 2020
Output datas of hermann-HP-Compaq-Pro-6300-SFF (process 2) for Hermann
------------------------------
ssclcs: 10
total time: 0.001163
calcul time: 0.000303
comunication time: 0.001986
idleness time: -0.001126
calcul rate: 26.083350
comunication rate: 170.732045
idleness rate: -96.815394
number of message exchange: 0
size of data communicate: 0.000000 MB

[INFO] 	 main:105 	 Wed Jul  1 16:59:28 2020
Output datas of hermann-HP-Compaq-Pro-6300-SFF (process 3) for Hermann
------------------------------
ssclcs: 10
total time: 0.028436
calcul time: 0.000233
comunication time: 0.056533
idleness time: -0.028330
calcul rate: 0.818671
comunication rate: 198.806607
idleness rate: -99.625279
number of message exchange: 0
size of data communicate: 0.000000 MB

[INFO] 	 main:105 	 Wed Jul  1 16:59:39 2020
Output datas of hermann-HP-Compaq-Pro-6300-SFF (process 1) for Hermann
------------------------------
ssclcs: 10
total time: 0.001205
calcul time: 0.000450
comunication time: 0.001909
idleness time: -0.001154
calcul rate: 37.348574
comunication rate: 158.377218
idleness rate: -95.725792
number of message exchange: 0
size of data communicate: 0.000000 MB

[INFO] 	 main:105 	 Wed Jul  1 16:59:45 2020
Output datas of hermann-HP-Compaq-Pro-6300-SFF (process 5) for Hermann
------------------------------
ssclcs: 10
total time: 0.024780
calcul time: 0.000166
comunication time: 0.048283
idleness time: -0.023669
calcul rate: 0.668991
comunication rate: 194.846963
idleness rate: -95.515954
number of message exchange: 0
size of data communicate: 0.000000 MB

[INFO] 	 main:105 	 Wed Jul  1 18:06:25 2020
Output datas of hermann-HP-Compaq-Pro-6300-SFF (process 5) for Hermann
------------------------------
ssclcs: 26
total time: 0.025626
calcul time: 0.000954
comunication time: 0.050192
idleness time: -0.025521
calcul rate: 3.724365
comunication rate: 195.866202
idleness rate: -99.590567
number of message exchange: 0
size of data communicate: 0.000000 MB

[INFO] 	 main:105 	 Fri Jul  3 13:43:15 2020
Output datas of hermann-HP-Compaq-Pro-6300-SFF (process 5) for Hermann
------------------------------
ssclcs: 26
total time: 0.019741
calcul time: 0.000750
comunication time: 0.038525
idleness time: -0.019534
calcul rate: 3.799696
comunication rate: 195.154681
idleness rate: -98.954377
number of message exchange: 0
size of data communicate: 0.000000 MB

[INFO] 	 main:105 	 Fri Jul  3 13:44:43 2020
Output datas of hermann-HP-Compaq-Pro-6300-SFF (process 5) for Hermann
------------------------------
ssclcs: 26
total time: 0.034264
calcul time: 0.000731
comunication time: 0.067693
idleness time: -0.034159
calcul rate: 2.132327
comunication rate: 197.562049
idleness rate: -99.694376
number of message exchange: 0
size of data communicate: 0.000000 MB

[INFO] 	 main:105 	 Fri Jul  3 13:45:51 2020
Output datas of hermann-HP-Compaq-Pro-6300-SFF (process 5) for Hermann
------------------------------
ssclcs: 26
total time: 0.020866
calcul time: 0.000686
comunication time: 0.040929
idleness time: -0.020749
calcul rate: 3.285803
comunication rate: 196.153074
idleness rate: -99.438877
number of message exchange: 0
size of data communicate: 0.000000 MB

[INFO] 	 main:106 	 Thu Jul  9 08:34:48 2020
Output datas of hermann-HP-Compaq-Pro-6300-SFF (process 3) for Hermann
------------------------------
ssclcs: 232
total time: 1.752534
calcul time: 0.478000
comunication time: 3.026867
idleness time: -1.752332
calcul rate: 27.274786
comunication rate: 172.713677
idleness rate: -99.988463
number of message exchange: 0
size of data communicate: 0.000000 MB

