[INFO] 	 main:105 	 Thu Apr 23 15:27:33 2020
Output datas of hermann-HP-Compaq-Pro-6300-SFF (process 1) for Hermann
------------------------------
ssclcs: 232
total time: 4.783271
calcul time: 2.630790
comunication time: 6.935623
idleness time: -4.783142
calcul rate: 54.999813
comunication rate: 144.997490
idleness rate: -99.997303
number of message exchange: 0
size of data communicate: 0.000000 MB

[INFO] 	 main:105 	 Thu Apr 23 15:28:58 2020
Output datas of hermann-HP-Compaq-Pro-6300-SFF (process 3) for Hermann
------------------------------
ssclcs: 232
total time: 7.541640
calcul time: 2.017279
comunication time: 13.065804
idleness time: -7.541443
calcul rate: 26.748546
comunication rate: 173.248848
idleness rate: -99.997394
number of message exchange: 0
size of data communicate: 0.000000 MB

[INFO] 	 main:105 	 Thu Apr 23 15:29:28 2020
Output datas of hermann-HP-Compaq-Pro-6300-SFF (process 7) for Hermann
------------------------------
ssclcs: 232
total time: 14.817136
calcul time: 2.385530
comunication time: 27.248356
idleness time: -14.816750
calcul rate: 16.099804
comunication rate: 183.897591
idleness rate: -99.997395
number of message exchange: 0
size of data communicate: 0.000000 MB

[INFO] 	 main:105 	 Thu Apr 23 15:30:13 2020
Output datas of hermann-HP-Compaq-Pro-6300-SFF (process 15) for Hermann
------------------------------
ssclcs: 232
total time: 30.835648
calcul time: 2.380090
comunication time: 59.290416
idleness time: -30.834858
calcul rate: 7.718631
comunication rate: 192.278807
idleness rate: -99.997438
number of message exchange: 0
size of data communicate: 0.000000 MB

[INFO] 	 main:105 	 Wed Apr 29 11:57:29 2020
Output datas of hermann-HP-Compaq-Pro-6300-SFF (process 3) for Hermann
------------------------------
ssclcs: 0
total time: 336.781658
calcul time: 85.285932
comunication time: 587.482497
idleness time: -335.986771
calcul rate: 25.323805
comunication rate: 174.440170
idleness rate: -99.763975
number of message exchange: 0
size of data communicate: 0.000000 MB

[INFO] 	 main:105 	 Fri May  8 17:26:59 2020
Output datas of hermann-HP-Compaq-Pro-6300-SFF (process 1) for Hermann
------------------------------
ssclcs: 18
total time: 0.005030
calcul time: 0.002385
comunication time: 0.002611
idleness time: 0.000034
calcul rate: 47.409941
comunication rate: 51.906363
idleness rate: 0.683696
number of message exchange: 0
size of data communicate: 0.000000 MB

[INFO] 	 main:105 	 Mon May 11 16:59:17 2020
Output datas of hermann-HP-Compaq-Pro-6300-SFF (process 1) for Hermann
------------------------------
ssclcs: 5
total time: 0.000540
calcul time: 0.000231
comunication time: 0.000308
idleness time: 0.000001
calcul rate: 42.754461
comunication rate: 57.086964
idleness rate: 0.158575
number of message exchange: 0
size of data communicate: 0.000000 MB

[INFO] 	 main:105 	 Mon May 25 14:25:12 2020
Output datas of hermann-HP-Compaq-Pro-6300-SFF (process 3) for Hermann
------------------------------
ssclcs: 1
total time: 0.000619
calcul time: 0.000042
comunication time: 0.000502
idleness time: 0.000075
calcul rate: 6.750611
comunication rate: 81.193907
idleness rate: 12.055482
number of message exchange: 0
size of data communicate: 0.000000 MB

[INFO] 	 main:105 	 Mon May 25 15:05:38 2020
Output datas of hermann-HP-Compaq-Pro-6300-SFF (process 3) for Hermann
------------------------------
ssclcs: 1
total time: 0.000410
calcul time: 0.000043
comunication time: 0.000329
idleness time: 0.000038
calcul rate: 10.581512
comunication rate: 80.188030
idleness rate: 9.230458
number of message exchange: 0
size of data communicate: 0.000000 MB

[INFO] 	 main:105 	 Mon May 25 15:06:00 2020
Output datas of hermann-HP-Compaq-Pro-6300-SFF (process 3) for Hermann
------------------------------
ssclcs: 1
total time: 0.001615
calcul time: 0.000049
comunication time: 0.000981
idleness time: 0.000585
calcul rate: 3.059305
comunication rate: 60.721465
idleness rate: 36.219230
number of message exchange: 0
size of data communicate: 0.000000 MB

[INFO] 	 main:105 	 Mon May 25 15:16:39 2020
Output datas of hermann-HP-Compaq-Pro-6300-SFF (process 3) for Hermann
------------------------------
ssclcs: 9
total time: 0.020796
calcul time: 0.006646
comunication time: 0.008464
idleness time: 0.005686
calcul rate: 31.958975
comunication rate: 40.701707
idleness rate: 27.339318
number of message exchange: 0
size of data communicate: 0.000000 MB

[INFO] 	 main:105 	 Mon May 25 17:26:04 2020
Output datas of hermann-HP-Compaq-Pro-6300-SFF (process 3) for Hermann
------------------------------
ssclcs: 9
total time: 0.001129
calcul time: 0.000045
comunication time: 0.000887
idleness time: 0.000198
calcul rate: 3.990881
comunication rate: 78.518515
idleness rate: 17.490604
number of message exchange: 0
size of data communicate: 0.000000 MB

[INFO] 	 main:105 	 Mon May 25 17:26:20 2020
Output datas of hermann-HP-Compaq-Pro-6300-SFF (process 3) for Hermann
------------------------------
ssclcs: 10
total time: 0.003298
calcul time: 0.000369
comunication time: 0.002840
idleness time: 0.000089
calcul rate: 11.193165
comunication rate: 86.093715
idleness rate: 2.713121
number of message exchange: 0
size of data communicate: 0.000000 MB

[INFO] 	 main:105 	 Mon May 25 17:32:23 2020
Output datas of hermann-HP-Compaq-Pro-6300-SFF (process 3) for Hermann
------------------------------
ssclcs: 0
total time: 213.172424
calcul time: 40.738585
comunication time: 172.432569
idleness time: 0.001270
calcul rate: 19.110626
comunication rate: 80.888778
idleness rate: 0.000596
number of message exchange: 0
size of data communicate: 0.000000 MB

[INFO] 	 main:105 	 Fri Jun 12 16:37:08 2020
Output datas of hermann-HP-Compaq-Pro-6300-SFF (process 3) for Hermann
------------------------------
ssclcs: 26
total time: 0.006514
calcul time: 0.000845
comunication time: 0.005626
idleness time: 0.000043
calcul rate: 12.968854
comunication rate: 86.368344
idleness rate: 0.662802
number of message exchange: 0
size of data communicate: 0.000000 MB

[INFO] 	 main:105 	 Fri Jun 12 16:42:42 2020
Output datas of hermann-HP-Compaq-Pro-6300-SFF (process 3) for Hermann
------------------------------
ssclcs: 0
total time: 305.104497
calcul time: 58.954732
comunication time: 246.149114
idleness time: 0.000650
calcul rate: 19.322800
comunication rate: 80.676987
idleness rate: 0.000213
number of message exchange: 0
size of data communicate: 0.000000 MB

[INFO] 	 main:105 	 Wed Jul  1 18:25:18 2020
Output datas of hermann-HP-Compaq-Pro-6300-SFF (process 5) for Hermann
------------------------------
ssclcs: 0
total time: 0.160099
calcul time: 0.000392
comunication time: 0.159642
idleness time: 0.000065
calcul rate: 0.244589
comunication rate: 99.714976
idleness rate: 0.040434
number of message exchange: 0
size of data communicate: 0.000000 MB

[INFO] 	 main:105 	 Wed Jul  1 18:25:25 2020
Output datas of hermann-HP-Compaq-Pro-6300-SFF (process 3) for Hermann
------------------------------
ssclcs: 26
total time: 0.005131
calcul time: 0.000848
comunication time: 0.004245
idleness time: 0.000038
calcul rate: 16.535728
comunication rate: 82.729583
idleness rate: 0.734689
number of message exchange: 0
size of data communicate: 0.000000 MB

[INFO] 	 main:105 	 Wed Jul  1 18:25:38 2020
Output datas of hermann-HP-Compaq-Pro-6300-SFF (process 3) for Hermann
------------------------------
ssclcs: 46
total time: 0.033595
calcul time: 0.005670
comunication time: 0.027837
idleness time: 0.000088
calcul rate: 16.877307
comunication rate: 82.861625
idleness rate: 0.261069
number of message exchange: 0
size of data communicate: 0.000000 MB

[INFO] 	 main:105 	 Wed Jul  1 18:25:44 2020
Output datas of hermann-HP-Compaq-Pro-6300-SFF (process 7) for Hermann
------------------------------
ssclcs: 46
total time: 0.406250
calcul time: 0.002941
comunication time: 0.379459
idleness time: 0.023850
calcul rate: 0.723883
comunication rate: 93.405274
idleness rate: 5.870844
number of message exchange: 0
size of data communicate: 0.000000 MB

[INFO] 	 main:105 	 Wed Jul  1 18:26:08 2020
Output datas of hermann-HP-Compaq-Pro-6300-SFF (process 5) for Hermann
------------------------------
ssclcs: 0
total time: 0.157032
calcul time: 0.003793
comunication time: 0.152206
idleness time: 0.001034
calcul rate: 2.415370
comunication rate: 96.926432
idleness rate: 0.658198
number of message exchange: 0
size of data communicate: 0.000000 MB

[INFO] 	 main:105 	 Wed Jul  1 18:26:11 2020
Output datas of hermann-HP-Compaq-Pro-6300-SFF (process 5) for Hermann
------------------------------
ssclcs: 0
total time: 0.220004
calcul time: 0.003615
comunication time: 0.193435
idleness time: 0.022954
calcul rate: 1.643139
comunication rate: 87.923407
idleness rate: 10.433454
number of message exchange: 0
size of data communicate: 0.000000 MB

[INFO] 	 main:105 	 Fri Jul  3 13:15:33 2020
Output datas of hermann-HP-Compaq-Pro-6300-SFF (process 3) for Hermann
------------------------------
ssclcs: 26
total time: 0.005652
calcul time: 0.000834
comunication time: 0.004778
idleness time: 0.000041
calcul rate: 14.754201
comunication rate: 84.524075
idleness rate: 0.721724
number of message exchange: 0
size of data communicate: 0.000000 MB

[INFO] 	 main:105 	 Fri Jul  3 13:15:41 2020
Output datas of hermann-HP-Compaq-Pro-6300-SFF (process 1) for Hermann
------------------------------
ssclcs: 26
total time: 0.003098
calcul time: 0.001134
comunication time: 0.001950
idleness time: 0.000014
calcul rate: 36.599157
comunication rate: 62.961684
idleness rate: 0.439159
number of message exchange: 0
size of data communicate: 0.000000 MB

[INFO] 	 main:105 	 Fri Jul  3 13:15:47 2020
Output datas of hermann-HP-Compaq-Pro-6300-SFF (process 7) for Hermann
------------------------------
ssclcs: 26
total time: 0.260325
calcul time: 0.000410
comunication time: 0.232022
idleness time: 0.027892
calcul rate: 0.157627
comunication rate: 89.127880
idleness rate: 10.714493
number of message exchange: 0
size of data communicate: 0.000000 MB

[INFO] 	 main:105 	 Fri Jul  3 13:15:57 2020
Output datas of hermann-HP-Compaq-Pro-6300-SFF (process 15) for Hermann
------------------------------
ssclcs: 26
total time: 2.192704
calcul time: 0.000283
comunication time: 2.174978
idleness time: 0.017444
calcul rate: 0.012897
comunication rate: 99.191568
idleness rate: 0.795535
number of message exchange: 0
size of data communicate: 0.000000 MB

[INFO] 	 main:105 	 Fri Jul  3 13:16:05 2020
Output datas of hermann-HP-Compaq-Pro-6300-SFF (process 11) for Hermann
------------------------------
ssclcs: 0
total time: 0.954073
calcul time: 0.000315
comunication time: 0.923455
idleness time: 0.030303
calcul rate: 0.032971
comunication rate: 96.790829
idleness rate: 3.176200
number of message exchange: 0
size of data communicate: 0.000000 MB

[INFO] 	 main:105 	 Fri Jul  3 13:16:16 2020
Output datas of hermann-HP-Compaq-Pro-6300-SFF (process 5) for Hermann
------------------------------
ssclcs: 0
total time: 0.170910
calcul time: 0.000509
comunication time: 0.158572
idleness time: 0.011829
calcul rate: 0.297847
comunication rate: 92.781223
idleness rate: 6.920930
number of message exchange: 0
size of data communicate: 0.000000 MB

[INFO] 	 main:105 	 Fri Jul  3 13:16:30 2020
Output datas of hermann-HP-Compaq-Pro-6300-SFF (process 9) for Hermann
------------------------------
ssclcs: 0
total time: 0.632163
calcul time: 0.000313
comunication time: 0.579535
idleness time: 0.052315
calcul rate: 0.049527
comunication rate: 91.674973
idleness rate: 8.275500
number of message exchange: 0
size of data communicate: 0.000000 MB

[INFO] 	 main:105 	 Fri Jul  3 13:18:09 2020
Output datas of hermann-HP-Compaq-Pro-6300-SFF (process 3) for Hermann
------------------------------
ssclcs: 26
total time: 0.012165
calcul time: 0.004253
comunication time: 0.007815
idleness time: 0.000098
calcul rate: 34.956959
comunication rate: 64.240149
idleness rate: 0.802891
number of message exchange: 0
size of data communicate: 0.000000 MB

[INFO] 	 main:105 	 Fri Jul  3 13:18:54 2020
Output datas of hermann-HP-Compaq-Pro-6300-SFF (process 3) for Hermann
------------------------------
ssclcs: 26
total time: 0.006630
calcul time: 0.000916
comunication time: 0.005667
idleness time: 0.000047
calcul rate: 13.808972
comunication rate: 85.475647
idleness rate: 0.715381
number of message exchange: 0
size of data communicate: 0.000000 MB

[INFO] 	 main:105 	 Fri Jul  3 13:20:13 2020
Output datas of hermann-HP-Compaq-Pro-6300-SFF (process 5) for Hermann
------------------------------
ssclcs: 0
total time: 0.136283
calcul time: 0.000524
comunication time: 0.135672
idleness time: 0.000087
calcul rate: 0.384536
comunication rate: 99.551300
idleness rate: 0.064164
number of message exchange: 0
size of data communicate: 0.000000 MB

[INFO] 	 main:105 	 Fri Jul  3 13:22:27 2020
Output datas of hermann-HP-Compaq-Pro-6300-SFF (process 15) for Hermann
------------------------------
ssclcs: 26
total time: 2.310817
calcul time: 0.000292
comunication time: 2.256757
idleness time: 0.053768
calcul rate: 0.012637
comunication rate: 97.660551
idleness rate: 2.326811
number of message exchange: 0
size of data communicate: 0.000000 MB

[INFO] 	 main:105 	 Fri Jul  3 13:22:49 2020
Output datas of hermann-HP-Compaq-Pro-6300-SFF (process 31) for Hermann
------------------------------
ssclcs: 26
total time: 14.224090
calcul time: 0.000169
comunication time: 14.172785
idleness time: 0.051135
calcul rate: 0.001186
comunication rate: 99.639315
idleness rate: 0.359499
number of message exchange: 0
size of data communicate: 0.000000 MB

[INFO] 	 main:105 	 Fri Jul  3 13:23:12 2020
Output datas of hermann-HP-Compaq-Pro-6300-SFF (process 5) for Hermann
------------------------------
ssclcs: 0
total time: 0.133183
calcul time: 0.000531
comunication time: 0.120799
idleness time: 0.011853
calcul rate: 0.398747
comunication rate: 90.701550
idleness rate: 8.899703
number of message exchange: 0
size of data communicate: 0.000000 MB

[INFO] 	 main:105 	 Fri Jul  3 13:50:10 2020
Output datas of hermann-HP-Compaq-Pro-6300-SFF (process 5) for Hermann
------------------------------
ssclcs: 26
total time: 0.149069
calcul time: 0.001509
comunication time: 0.135811
idleness time: 0.011749
calcul rate: 1.012068
comunication rate: 91.106137
idleness rate: 7.881794
number of message exchange: 0
size of data communicate: 0.000000 MB

[INFO] 	 main:105 	 Fri Jul  3 13:50:18 2020
Output datas of hermann-HP-Compaq-Pro-6300-SFF (process 9) for Hermann
------------------------------
ssclcs: 26
total time: 0.639739
calcul time: 0.000473
comunication time: 0.598277
idleness time: 0.040989
calcul rate: 0.073884
comunication rate: 93.518935
idleness rate: 6.407181
number of message exchange: 0
size of data communicate: 0.000000 MB

[INFO] 	 main:106 	 Thu Jul  9 08:35:47 2020
Output datas of hermann-HP-Compaq-Pro-6300-SFF (process 3) for Hermann
------------------------------
ssclcs: 232
total time: 1.563484
calcul time: 0.406411
comunication time: 1.156940
idleness time: 0.000134
calcul rate: 25.993913
comunication rate: 73.997524
idleness rate: 0.008564
number of message exchange: 0
size of data communicate: 0.000000 MB

[INFO] 	 main:113 	 Tue Jul 14 13:11:07 2020
Output datas of hermann-HP-Compaq-Pro-6300-SFF (process 3) for Hermann
------------------------------
ssclcs: 221
total time: 0.455450
calcul time: 0.103294
comunication time: 0.352033
idleness time: 0.000124
calcul rate: 22.679480
comunication rate: 77.293387
idleness rate: 0.027133
number of message exchange: 0
size of data communicate: 0.000000 MB

[INFO] 	 main:113 	 Tue Jul 14 13:11:09 2020
Output datas of hermann-HP-Compaq-Pro-6300-SFF (process 3) for Hermann
------------------------------
ssclcs: 221
total time: 0.451644
calcul time: 0.103817
comunication time: 0.347711
idleness time: 0.000116
calcul rate: 22.986474
comunication rate: 76.987742
idleness rate: 0.025784
number of message exchange: 0
size of data communicate: 0.000000 MB

[INFO] 	 main:113 	 Tue Jul 14 13:11:10 2020
Output datas of hermann-HP-Compaq-Pro-6300-SFF (process 3) for Hermann
------------------------------
ssclcs: 221
total time: 0.453888
calcul time: 0.103987
comunication time: 0.349779
idleness time: 0.000121
calcul rate: 22.910324
comunication rate: 77.062983
idleness rate: 0.026693
number of message exchange: 0
size of data communicate: 0.000000 MB

[INFO] 	 main:113 	 Tue Jul 14 13:11:12 2020
Output datas of hermann-HP-Compaq-Pro-6300-SFF (process 3) for Hermann
------------------------------
ssclcs: 221
total time: 0.472502
calcul time: 0.102643
comunication time: 0.369745
idleness time: 0.000114
calcul rate: 21.723308
comunication rate: 78.252573
idleness rate: 0.024119
number of message exchange: 0
size of data communicate: 0.000000 MB

[INFO] 	 main:113 	 Tue Jul 14 13:11:30 2020
Output datas of hermann-HP-Compaq-Pro-6300-SFF (process 3) for Hermann
------------------------------
ssclcs: 221
total time: 0.477489
calcul time: 0.120171
comunication time: 0.357179
idleness time: 0.000138
calcul rate: 25.167249
comunication rate: 74.803752
idleness rate: 0.028999
number of message exchange: 0
size of data communicate: 0.000000 MB

[INFO] 	 main:113 	 Tue Jul 14 13:11:32 2020
Output datas of hermann-HP-Compaq-Pro-6300-SFF (process 3) for Hermann
------------------------------
ssclcs: 221
total time: 0.455002
calcul time: 0.107279
comunication time: 0.347596
idleness time: 0.000126
calcul rate: 23.577777
comunication rate: 76.394426
idleness rate: 0.027797
number of message exchange: 0
size of data communicate: 0.000000 MB

[INFO] 	 main:113 	 Tue Jul 14 13:11:33 2020
Output datas of hermann-HP-Compaq-Pro-6300-SFF (process 3) for Hermann
------------------------------
ssclcs: 221
total time: 0.461031
calcul time: 0.103018
comunication time: 0.357896
idleness time: 0.000117
calcul rate: 22.345062
comunication rate: 77.629545
idleness rate: 0.025394
number of message exchange: 0
size of data communicate: 0.000000 MB

[INFO] 	 main:113 	 Tue Jul 14 13:11:34 2020
Output datas of hermann-HP-Compaq-Pro-6300-SFF (process 3) for Hermann
------------------------------
ssclcs: 221
total time: 0.452387
calcul time: 0.103238
comunication time: 0.349030
idleness time: 0.000118
calcul rate: 22.820829
comunication rate: 77.153031
idleness rate: 0.026139
number of message exchange: 0
size of data communicate: 0.000000 MB

[INFO] 	 main:113 	 Tue Jul 14 13:12:23 2020
Output datas of hermann-HP-Compaq-Pro-6300-SFF (process 3) for Hermann
------------------------------
ssclcs: 221
total time: 0.441830
calcul time: 0.103181
comunication time: 0.338526
idleness time: 0.000124
calcul rate: 23.353053
comunication rate: 76.618965
idleness rate: 0.027982
number of message exchange: 0
size of data communicate: 0.000000 MB

[INFO] 	 main:113 	 Tue Jul 14 13:19:40 2020
Output datas of hermann-HP-Compaq-Pro-6300-SFF (process 3) for Hermann
------------------------------
ssclcs: 221
total time: 0.436992
calcul time: 0.102979
comunication time: 0.333913
idleness time: 0.000099
calcul rate: 23.565418
comunication rate: 76.411834
idleness rate: 0.022748
number of message exchange: 0
size of data communicate: 0.000000 MB

[INFO] 	 main:113 	 Tue Jul 14 13:19:42 2020
Output datas of hermann-HP-Compaq-Pro-6300-SFF (process 3) for Hermann
------------------------------
ssclcs: 221
total time: 0.441572
calcul time: 0.102855
comunication time: 0.338615
idleness time: 0.000103
calcul rate: 23.292797
comunication rate: 76.683898
idleness rate: 0.023305
number of message exchange: 0
size of data communicate: 0.000000 MB

[INFO] 	 main:113 	 Tue Jul 14 13:19:43 2020
Output datas of hermann-HP-Compaq-Pro-6300-SFF (process 3) for Hermann
------------------------------
ssclcs: 221
total time: 0.444933
calcul time: 0.112243
comunication time: 0.332578
idleness time: 0.000112
calcul rate: 25.226859
comunication rate: 74.747908
idleness rate: 0.025234
number of message exchange: 0
size of data communicate: 0.000000 MB

[INFO] 	 main:113 	 Tue Jul 14 13:19:44 2020
Output datas of hermann-HP-Compaq-Pro-6300-SFF (process 3) for Hermann
------------------------------
ssclcs: 221
total time: 0.438251
calcul time: 0.106582
comunication time: 0.331560
idleness time: 0.000109
calcul rate: 24.319879
comunication rate: 75.655225
idleness rate: 0.024896
number of message exchange: 0
size of data communicate: 0.000000 MB

[INFO] 	 main:113 	 Tue Jul 14 13:19:46 2020
Output datas of hermann-HP-Compaq-Pro-6300-SFF (process 3) for Hermann
------------------------------
ssclcs: 221
total time: 0.640159
calcul time: 0.142561
comunication time: 0.497430
idleness time: 0.000168
calcul rate: 22.269625
comunication rate: 77.704075
idleness rate: 0.026300
number of message exchange: 0
size of data communicate: 0.000000 MB

[INFO] 	 main:113 	 Tue Jul 14 13:19:47 2020
Output datas of hermann-HP-Compaq-Pro-6300-SFF (process 3) for Hermann
------------------------------
ssclcs: 221
total time: 0.438950
calcul time: 0.106426
comunication time: 0.332405
idleness time: 0.000119
calcul rate: 24.245499
comunication rate: 75.727472
idleness rate: 0.027029
number of message exchange: 0
size of data communicate: 0.000000 MB

[INFO] 	 main:113 	 Tue Jul 14 13:19:49 2020
Output datas of hermann-HP-Compaq-Pro-6300-SFF (process 3) for Hermann
------------------------------
ssclcs: 221
total time: 0.449015
calcul time: 0.112762
comunication time: 0.336135
idleness time: 0.000117
calcul rate: 25.113236
comunication rate: 74.860622
idleness rate: 0.026142
number of message exchange: 0
size of data communicate: 0.000000 MB

[INFO] 	 main:113 	 Tue Jul 14 13:19:50 2020
Output datas of hermann-HP-Compaq-Pro-6300-SFF (process 3) for Hermann
------------------------------
ssclcs: 221
total time: 0.441879
calcul time: 0.107765
comunication time: 0.334000
idleness time: 0.000114
calcul rate: 24.387916
comunication rate: 75.586305
idleness rate: 0.025780
number of message exchange: 0
size of data communicate: 0.000000 MB

[INFO] 	 main:113 	 Tue Jul 14 13:19:51 2020
Output datas of hermann-HP-Compaq-Pro-6300-SFF (process 3) for Hermann
------------------------------
ssclcs: 221
total time: 0.441475
calcul time: 0.104606
comunication time: 0.336765
idleness time: 0.000103
calcul rate: 23.694723
comunication rate: 76.281886
idleness rate: 0.023391
number of message exchange: 0
size of data communicate: 0.000000 MB

[INFO] 	 main:113 	 Tue Jul 14 13:20:55 2020
Output datas of hermann-HP-Compaq-Pro-6300-SFF (process 3) for Hermann
------------------------------
ssclcs: 221
total time: 0.437418
calcul time: 0.104594
comunication time: 0.332705
idleness time: 0.000119
calcul rate: 23.911674
comunication rate: 76.061154
idleness rate: 0.027172
number of message exchange: 0
size of data communicate: 0.000000 MB

[INFO] 	 main:113 	 Tue Jul 14 13:20:57 2020
Output datas of hermann-HP-Compaq-Pro-6300-SFF (process 3) for Hermann
------------------------------
ssclcs: 221
total time: 0.434971
calcul time: 0.103066
comunication time: 0.331735
idleness time: 0.000169
calcul rate: 23.694934
comunication rate: 76.266109
idleness rate: 0.038957
number of message exchange: 0
size of data communicate: 0.000000 MB

